# JRE version: OpenJDK Runtime Environment Temurin-17.0.9+9 (17.0.9+9) (build 17.0.9+9)
# Java VM: OpenJDK 64-Bit Server VM Temurin-17.0.9+9 (17.0.9+9, mixed mode, emulated-client, tiered, compressed oops, compressed class ptrs, g1 gc, windows-amd64)
GC Precious Log:
 CPUs: 12 total, 12 available
 Memory: 16323M
 Large Page Support: Disabled
 NUMA Support: Disabled
 Compressed Oops: Enabled (32-bit)
 Heap Region Size: 1M
 Heap Min Capacity: 8M
 Heap Initial Capacity: 256M
 Heap Max Capacity: 1G
 Pre-touch: Disabled
 Parallel Workers: 10
 Concurrent Workers: 3
 Concurrent Refinement Workers: 10
 Periodic GC: Disabled
Heap:
 garbage-first heap   total 96256K, used 28077K [0x00000000c0000000, 0x0000000100000000)
  region size 1024K, 1 young (1024K), 0 survivors (0K)
 Metaspace       used 57739K, committed 58240K, reserved 1114112K
  class space    used 7124K, committed 7360K, reserved 1048576K
GC Heap History (20 events):
Event: 87277.291 GC heap before
{Heap before GC invocations=8360 (full 8346):
 garbage-first heap   total 96256K, used 28077K [0x00000000c0000000, 0x0000000100000000)
  region size 1024K, 1 young (1024K), 0 survivors (0K)
 Metaspace       used 57739K, committed 58240K, reserved 1114112K
  class space    used 7124K, committed 7360K, reserved 1048576K
}
Event: 87277.312 GC heap after
{Heap after GC invocations=8361 (full 8347):
 garbage-first heap   total 96256K, used 28077K [0x00000000c0000000, 0x0000000100000000)
  region size 1024K, 0 young (0K), 0 survivors (0K)
 Metaspace       used 57739K, committed 58240K, reserved 1114112K
  class space    used 7124K, committed 7360K, reserved 1048576K
}
Event: 87287.455 GC heap before
{Heap before GC invocations=8361 (full 8347):
 garbage-first heap   total 96256K, used 28077K [0x00000000c0000000, 0x0000000100000000)
  region size 1024K, 1 young (1024K), 0 survivors (0K)
 Metaspace       used 57739K, committed 58240K, reserved 1114112K
  class space    used 7124K, committed 7360K, reserved 1048576K
}
Event: 87287.477 GC heap after
{Heap after GC invocations=8362 (full 8348):
 garbage-first heap   total 96256K, used 28077K [0x00000000c0000000, 0x0000000100000000)
  region size 1024K, 0 young (0K), 0 survivors (0K)
 Metaspace       used 57739K, committed 58240K, reserved 1114112K
  class space    used 7124K, committed 7360K, reserved 1048576K
}
Event: 87297.634 GC heap before
{Heap before GC invocations=8362 (full 8348):
 garbage-first heap   total 96256K, used 28077K [0x00000000c0000000, 0x0000000100000000)
  region size 1024K, 1 young (1024K), 0 survivors (0K)
 Metaspace       used 57739K, committed 58240K, reserved 1114112K
  class space    used 7124K, committed 7360K, reserved 1048576K
}
Event: 87297.658 GC heap after
{Heap after GC invocations=8363 (full 8349):
 garbage-first heap   total 96256K, used 28077K [0x00000000c0000000, 0x0000000100000000)
  region size 1024K, 0 young (0K), 0 survivors (0K)
 Metaspace       used 57739K, committed 58240K, reserved 1114112K
  class space    used 7124K, committed 7360K, reserved 1048576K
}
Event: 87307.851 GC heap before
{Heap before GC invocations=8363 (full 8349):
 garbage-first heap   total 96256K, used 28077K [0x00000000c0000000, 0x0000000100000000)
  region size 1024K, 1 young (1024K), 0 survivors (0K)
 Metaspace       used 57739K, committed 58240K, reserved 1114112K
  class space    used 7124K, committed 7360K, reserved 1048576K
}
Event: 87307.877 GC heap after
{Heap after GC invocations=8364 (full 8350):
 garbage-first heap   total 96256K, used 28077K [0x00000000c0000000, 0x0000000100000000)
  region size 1024K, 0 young (0K), 0 survivors (0K)
 Metaspace       used 57739K, committed 58240K, reserved 1114112K
  class space    used 7124K, committed 7360K, reserved 1048576K
}
Event: 87318.053 GC heap before
{Heap before GC invocations=8364 (full 8350):
 garbage-first heap   total 96256K, used 28077K [0x00000000c0000000, 0x0000000100000000)
  region size 1024K, 1 young (1024K), 0 survivors (0K)
 Metaspace       used 57739K, committed 58240K, reserved 1114112K
  class space    used 7124K, committed 7360K, reserved 1048576K
}
Event: 87318.074 GC heap after
{Heap after GC invocations=8365 (full 8351):
 garbage-first heap   total 96256K, used 28077K [0x00000000c0000000, 0x0000000100000000)
  region size 1024K, 0 young (0K), 0 survivors (0K)
 Metaspace       used 57739K, committed 58240K, reserved 1114112K
  class space    used 7124K, committed 7360K, reserved 1048576K
}
Event: 87328.258 GC heap before
{Heap before GC invocations=8365 (full 8351):
 garbage-first heap   total 96256K, used 28077K [0x00000000c0000000, 0x0000000100000000)
  region size 1024K, 1 young (1024K), 0 survivors (0K)
 Metaspace       used 57739K, committed 58240K, reserved 1114112K
  class space    used 7124K, committed 7360K, reserved 1048576K
}
Event: 87328.287 GC heap after
{Heap after GC invocations=8366 (full 8352):
 garbage-first heap   total 96256K, used 28077K [0x00000000c0000000, 0x0000000100000000)
  region size 1024K, 0 young (0K), 0 survivors (0K)
 Metaspace       used 57739K, committed 58240K, reserved 1114112K
  class space    used 7124K, committed 7360K, reserved 1048576K
}
Event: 87338.721 GC heap before
{Heap before GC invocations=8366 (full 8352):
 garbage-first heap   total 96256K, used 28077K [0x00000000c0000000, 0x0000000100000000)
  region size 1024K, 1 young (1024K), 0 survivors (0K)
 Metaspace       used 57739K, committed 58240K, reserved 1114112K
  class space    used 7124K, committed 7360K, reserved 1048576K
}
Event: 87338.749 GC heap after
{Heap after GC invocations=8367 (full 8353):
 garbage-first heap   total 96256K, used 28077K [0x00000000c0000000, 0x0000000100000000)
  region size 1024K, 0 young (0K), 0 survivors (0K)
 Metaspace       used 57739K, committed 58240K, reserved 1114112K
  class space    used 7124K, committed 7360K, reserved 1048576K
}
Event: 87348.920 GC heap before
{Heap before GC invocations=8367 (full 8353):
 garbage-first heap   total 96256K, used 28077K [0x00000000c0000000, 0x0000000100000000)
  region size 1024K, 1 young (1024K), 0 survivors (0K)
 Metaspace       used 57739K, committed 58240K, reserved 1114112K
  class space    used 7124K, committed 7360K, reserved 1048576K
}
Event: 87348.943 GC heap after
{Heap after GC invocations=8368 (full 8354):
 garbage-first heap   total 96256K, used 28077K [0x00000000c0000000, 0x0000000100000000)
  region size 1024K, 0 young (0K), 0 survivors (0K)
 Metaspace       used 57739K, committed 58240K, reserved 1114112K
  class space    used 7124K, committed 7360K, reserved 1048576K
}
Event: 87359.112 GC heap before
{Heap before GC invocations=8368 (full 8354):
 garbage-first heap   total 96256K, used 28077K [0x00000000c0000000, 0x0000000100000000)
  region size 1024K, 1 young (1024K), 0 survivors (0K)
 Metaspace       used 57739K, committed 58240K, reserved 1114112K
  class space    used 7124K, committed 7360K, reserved 1048576K
}
Event: 87359.138 GC heap after
{Heap after GC invocations=8369 (full 8355):
 garbage-first heap   total 96256K, used 28077K [0x00000000c0000000, 0x0000000100000000)
  region size 1024K, 0 young (0K), 0 survivors (0K)
 Metaspace       used 57739K, committed 58240K, reserved 1114112K
  class space    used 7124K, committed 7360K, reserved 1048576K
}
Event: 87369.442 GC heap before
{Heap before GC invocations=8369 (full 8355):
 garbage-first heap   total 96256K, used 28077K [0x00000000c0000000, 0x0000000100000000)
  region size 1024K, 1 young (1024K), 0 survivors (0K)
 Metaspace       used 57739K, committed 58240K, reserved 1114112K
  class space    used 7124K, committed 7360K, reserved 1048576K
}
Event: 87369.475 GC heap after
{Heap after GC invocations=8370 (full 8356):
 garbage-first heap   total 96256K, used 28077K [0x00000000c0000000, 0x0000000100000000)
  region size 1024K, 0 young (0K), 0 survivors (0K)
 Metaspace       used 57739K, committed 58240K, reserved 1114112K
  class space    used 7124K, committed 7360K, reserved 1048576K
}

