# JRE version: OpenJDK Runtime Environment Temurin-17.0.9+9 (17.0.9+9) (build 17.0.9+9)
# Java VM: OpenJDK 64-Bit Server VM Temurin-17.0.9+9 (17.0.9+9, mixed mode, emulated-client, tiered, compressed oops, compressed class ptrs, g1 gc, windows-amd64)
GC Precious Log:
 CPUs: 12 total, 12 available
 Memory: 16323M
 Large Page Support: Disabled
 NUMA Support: Disabled
 Compressed Oops: Enabled (32-bit)
 Heap Region Size: 1M
 Heap Min Capacity: 8M
 Heap Initial Capacity: 256M
 Heap Max Capacity: 1G
 Pre-touch: Disabled
 Parallel Workers: 10
 Concurrent Workers: 3
 Concurrent Refinement Workers: 10
 Periodic GC: Disabled
Heap:
 garbage-first heap   total 86016K, used 28561K [0x00000000c0000000, 0x0000000100000000)
  region size 1024K, 1 young (1024K), 0 survivors (0K)
 Metaspace       used 58152K, committed 58560K, reserved 1114112K
  class space    used 7188K, committed 7360K, reserved 1048576K
GC Heap History (20 events):
Event: 99598.618 GC heap before
{Heap before GC invocations=9496 (full 9455):
 garbage-first heap   total 86016K, used 28560K [0x00000000c0000000, 0x0000000100000000)
  region size 1024K, 1 young (1024K), 0 survivors (0K)
 Metaspace       used 58152K, committed 58560K, reserved 1114112K
  class space    used 7188K, committed 7360K, reserved 1048576K
}
Event: 99598.657 GC heap after
{Heap after GC invocations=9497 (full 9456):
 garbage-first heap   total 86016K, used 28560K [0x00000000c0000000, 0x0000000100000000)
  region size 1024K, 0 young (0K), 0 survivors (0K)
 Metaspace       used 58152K, committed 58560K, reserved 1114112K
  class space    used 7188K, committed 7360K, reserved 1048576K
}
Event: 99608.873 GC heap before
{Heap before GC invocations=9497 (full 9456):
 garbage-first heap   total 86016K, used 28560K [0x00000000c0000000, 0x0000000100000000)
  region size 1024K, 1 young (1024K), 0 survivors (0K)
 Metaspace       used 58152K, committed 58560K, reserved 1114112K
  class space    used 7188K, committed 7360K, reserved 1048576K
}
Event: 99608.914 GC heap after
{Heap after GC invocations=9498 (full 9457):
 garbage-first heap   total 86016K, used 28560K [0x00000000c0000000, 0x0000000100000000)
  region size 1024K, 0 young (0K), 0 survivors (0K)
 Metaspace       used 58152K, committed 58560K, reserved 1114112K
  class space    used 7188K, committed 7360K, reserved 1048576K
}
Event: 99619.114 GC heap before
{Heap before GC invocations=9498 (full 9457):
 garbage-first heap   total 86016K, used 28560K [0x00000000c0000000, 0x0000000100000000)
  region size 1024K, 1 young (1024K), 0 survivors (0K)
 Metaspace       used 58152K, committed 58560K, reserved 1114112K
  class space    used 7188K, committed 7360K, reserved 1048576K
}
Event: 99619.154 GC heap after
{Heap after GC invocations=9499 (full 9458):
 garbage-first heap   total 86016K, used 28560K [0x00000000c0000000, 0x0000000100000000)
  region size 1024K, 0 young (0K), 0 survivors (0K)
 Metaspace       used 58152K, committed 58560K, reserved 1114112K
  class space    used 7188K, committed 7360K, reserved 1048576K
}
Event: 99629.361 GC heap before
{Heap before GC invocations=9499 (full 9458):
 garbage-first heap   total 86016K, used 28560K [0x00000000c0000000, 0x0000000100000000)
  region size 1024K, 1 young (1024K), 0 survivors (0K)
 Metaspace       used 58152K, committed 58560K, reserved 1114112K
  class space    used 7188K, committed 7360K, reserved 1048576K
}
Event: 99629.402 GC heap after
{Heap after GC invocations=9500 (full 9459):
 garbage-first heap   total 86016K, used 28560K [0x00000000c0000000, 0x0000000100000000)
  region size 1024K, 0 young (0K), 0 survivors (0K)
 Metaspace       used 58152K, committed 58560K, reserved 1114112K
  class space    used 7188K, committed 7360K, reserved 1048576K
}
Event: 99639.612 GC heap before
{Heap before GC invocations=9500 (full 9459):
 garbage-first heap   total 86016K, used 28560K [0x00000000c0000000, 0x0000000100000000)
  region size 1024K, 1 young (1024K), 0 survivors (0K)
 Metaspace       used 58152K, committed 58560K, reserved 1114112K
  class space    used 7188K, committed 7360K, reserved 1048576K
}
Event: 99639.653 GC heap after
{Heap after GC invocations=9501 (full 9460):
 garbage-first heap   total 86016K, used 28560K [0x00000000c0000000, 0x0000000100000000)
  region size 1024K, 0 young (0K), 0 survivors (0K)
 Metaspace       used 58152K, committed 58560K, reserved 1114112K
  class space    used 7188K, committed 7360K, reserved 1048576K
}
Event: 99649.858 GC heap before
{Heap before GC invocations=9501 (full 9460):
 garbage-first heap   total 86016K, used 28560K [0x00000000c0000000, 0x0000000100000000)
  region size 1024K, 1 young (1024K), 0 survivors (0K)
 Metaspace       used 58152K, committed 58560K, reserved 1114112K
  class space    used 7188K, committed 7360K, reserved 1048576K
}
Event: 99649.893 GC heap after
{Heap after GC invocations=9502 (full 9461):
 garbage-first heap   total 86016K, used 28560K [0x00000000c0000000, 0x0000000100000000)
  region size 1024K, 0 young (0K), 0 survivors (0K)
 Metaspace       used 58152K, committed 58560K, reserved 1114112K
  class space    used 7188K, committed 7360K, reserved 1048576K
}
Event: 99660.128 GC heap before
{Heap before GC invocations=9502 (full 9461):
 garbage-first heap   total 86016K, used 28560K [0x00000000c0000000, 0x0000000100000000)
  region size 1024K, 1 young (1024K), 0 survivors (0K)
 Metaspace       used 58152K, committed 58560K, reserved 1114112K
  class space    used 7188K, committed 7360K, reserved 1048576K
}
Event: 99660.173 GC heap after
{Heap after GC invocations=9503 (full 9462):
 garbage-first heap   total 86016K, used 28560K [0x00000000c0000000, 0x0000000100000000)
  region size 1024K, 0 young (0K), 0 survivors (0K)
 Metaspace       used 58152K, committed 58560K, reserved 1114112K
  class space    used 7188K, committed 7360K, reserved 1048576K
}
Event: 99670.387 GC heap before
{Heap before GC invocations=9503 (full 9462):
 garbage-first heap   total 86016K, used 28560K [0x00000000c0000000, 0x0000000100000000)
  region size 1024K, 1 young (1024K), 0 survivors (0K)
 Metaspace       used 58152K, committed 58560K, reserved 1114112K
  class space    used 7188K, committed 7360K, reserved 1048576K
}
Event: 99670.424 GC heap after
{Heap after GC invocations=9504 (full 9463):
 garbage-first heap   total 86016K, used 28560K [0x00000000c0000000, 0x0000000100000000)
  region size 1024K, 0 young (0K), 0 survivors (0K)
 Metaspace       used 58152K, committed 58560K, reserved 1114112K
  class space    used 7188K, committed 7360K, reserved 1048576K
}
Event: 99680.490 GC heap before
{Heap before GC invocations=9504 (full 9463):
 garbage-first heap   total 86016K, used 28560K [0x00000000c0000000, 0x0000000100000000)
  region size 1024K, 1 young (1024K), 0 survivors (0K)
 Metaspace       used 58152K, committed 58560K, reserved 1114112K
  class space    used 7188K, committed 7360K, reserved 1048576K
}
Event: 99680.526 GC heap after
{Heap after GC invocations=9505 (full 9464):
 garbage-first heap   total 86016K, used 28561K [0x00000000c0000000, 0x0000000100000000)
  region size 1024K, 0 young (0K), 0 survivors (0K)
 Metaspace       used 58152K, committed 58560K, reserved 1114112K
  class space    used 7188K, committed 7360K, reserved 1048576K
}
Event: 99690.728 GC heap before
{Heap before GC invocations=9505 (full 9464):
 garbage-first heap   total 86016K, used 28561K [0x00000000c0000000, 0x0000000100000000)
  region size 1024K, 1 young (1024K), 0 survivors (0K)
 Metaspace       used 58152K, committed 58560K, reserved 1114112K
  class space    used 7188K, committed 7360K, reserved 1048576K
}
Event: 99690.768 GC heap after
{Heap after GC invocations=9506 (full 9465):
 garbage-first heap   total 86016K, used 28561K [0x00000000c0000000, 0x0000000100000000)
  region size 1024K, 0 young (0K), 0 survivors (0K)
 Metaspace       used 58152K, committed 58560K, reserved 1114112K
  class space    used 7188K, committed 7360K, reserved 1048576K
}

